0 info it worked if it ends with ok
1 verbose cli [ '/usr/local/Cellar/node/5.0.0/bin/node',
1 verbose cli   '/usr/local/bin/npm',
1 verbose cli   'publish' ]
2 info using npm@3.3.9
3 info using node@v5.0.0
4 verbose publish [ '.' ]
5 silly cache add args [ '.', null ]
6 verbose cache add spec .
7 silly cache add parsed spec Result {
7 silly cache add   raw: '.',
7 silly cache add   scope: null,
7 silly cache add   name: null,
7 silly cache add   rawSpec: '.',
7 silly cache add   spec: '/Users/Adrian/Desktop/pristine/pristine-eventhandler',
7 silly cache add   type: 'directory' }
8 verbose addLocalDirectory /Users/Adrian/.npm/pristine-eventhandler/0.0.2/package.tgz not in flight; packing
9 info lifecycle pristine-eventhandler@0.0.2~prepublish: pristine-eventhandler@0.0.2
10 silly lifecycle pristine-eventhandler@0.0.2~prepublish: no script for prepublish, continuing
11 verbose tar pack [ '/Users/Adrian/.npm/pristine-eventhandler/0.0.2/package.tgz',
11 verbose tar pack   '/Users/Adrian/Desktop/pristine/pristine-eventhandler' ]
12 verbose tarball /Users/Adrian/.npm/pristine-eventhandler/0.0.2/package.tgz
13 verbose folder /Users/Adrian/Desktop/pristine/pristine-eventhandler
14 verbose addLocalTarball adding from inside cache /Users/Adrian/.npm/pristine-eventhandler/0.0.2/package.tgz
15 silly cache afterAdd pristine-eventhandler@0.0.2
16 verbose afterAdd /Users/Adrian/.npm/pristine-eventhandler/0.0.2/package/package.json not in flight; writing
17 verbose afterAdd /Users/Adrian/.npm/pristine-eventhandler/0.0.2/package/package.json written
18 silly publish { name: 'pristine-eventhandler',
18 silly publish   version: '0.0.2',
18 silly publish   description: '',
18 silly publish   main: 'index.js',
18 silly publish   scripts: { test: 'echo "Error: no test specified" && exit 1' },
18 silly publish   author: '',
18 silly publish   license: 'ISC',
18 silly publish   readme: 'ERROR: No README data found!',
18 silly publish   _id: 'pristine-eventhandler@0.0.2',
18 silly publish   _shasum: 'b431426ea607b335cf1b6c6bacc96dc93ee99a0d',
18 silly publish   _from: '.' }
19 verbose getPublishConfig undefined
20 silly mapToRegistry name pristine-eventhandler
21 silly mapToRegistry using default registry
22 silly mapToRegistry registry https://registry.npmjs.org/
23 silly mapToRegistry uri https://registry.npmjs.org/pristine-eventhandler
24 verbose publish registryBase https://registry.npmjs.org/
25 silly publish uploading /Users/Adrian/.npm/pristine-eventhandler/0.0.2/package.tgz
26 verbose request uri https://registry.npmjs.org/pristine-eventhandler
27 verbose request sending authorization for write operation
28 info attempt registry request try #1 at 2:03:05 AM
29 verbose request using bearer token for auth
30 verbose request id 3089039367b2c033
31 http request PUT https://registry.npmjs.org/pristine-eventhandler
32 http 403 https://registry.npmjs.org/pristine-eventhandler
33 verbose headers { 'content-type': 'application/json',
33 verbose headers   'cache-control': 'max-age=300',
33 verbose headers   'content-length': '95',
33 verbose headers   'accept-ranges': 'bytes',
33 verbose headers   date: 'Thu, 04 Feb 2016 01:03:06 GMT',
33 verbose headers   via: '1.1 varnish',
33 verbose headers   connection: 'keep-alive',
33 verbose headers   'x-served-by': 'cache-fra1228-FRA',
33 verbose headers   'x-cache': 'MISS',
33 verbose headers   'x-cache-hits': '0',
33 verbose headers   'x-timer': 'S1454547785.666814,VS0,VE1006' }
34 verbose request invalidating /Users/Adrian/.npm/registry.npmjs.org/pristine-eventhandler on PUT
35 error publish Failed PUT 403
36 verbose stack Error: "You cannot publish over the previously published version 0.0.2." : pristine-eventhandler
36 verbose stack     at makeError (/usr/local/lib/node_modules/npm/node_modules/npm-registry-client/lib/request.js:264:12)
36 verbose stack     at CachingRegistryClient.<anonymous> (/usr/local/lib/node_modules/npm/node_modules/npm-registry-client/lib/request.js:252:14)
36 verbose stack     at Request._callback (/usr/local/lib/node_modules/npm/node_modules/npm-registry-client/lib/request.js:172:14)
36 verbose stack     at Request.self.callback (/usr/local/lib/node_modules/npm/node_modules/request/request.js:198:22)
36 verbose stack     at emitTwo (events.js:87:13)
36 verbose stack     at Request.emit (events.js:172:7)
36 verbose stack     at Request.<anonymous> (/usr/local/lib/node_modules/npm/node_modules/request/request.js:1082:10)
36 verbose stack     at emitOne (events.js:82:20)
36 verbose stack     at Request.emit (events.js:169:7)
36 verbose stack     at IncomingMessage.<anonymous> (/usr/local/lib/node_modules/npm/node_modules/request/request.js:1009:12)
37 verbose statusCode 403
38 verbose pkgid pristine-eventhandler
39 verbose cwd /Users/Adrian/Desktop/pristine/pristine-eventhandler
40 error Darwin 15.0.0
41 error argv "/usr/local/Cellar/node/5.0.0/bin/node" "/usr/local/bin/npm" "publish"
42 error node v5.0.0
43 error npm  v3.3.9
44 error code E403
45 error "You cannot publish over the previously published version 0.0.2." : pristine-eventhandler
46 error If you need help, you may report this error at:
46 error     <https://github.com/npm/npm/issues>
47 verbose exit [ 1, true ]
